<?xml version="1.0" encoding="UTF-8"?>
<testng-results ignored="0" total="2" passed="2" failed="0" skipped="0">
  <reporter-output>
  </reporter-output>
  <suite started-at="2023-05-07T02:37:15 IST" name="Surefire suite" finished-at="2023-05-07T02:37:15 IST" duration-ms="600">
    <groups>
    </groups>
    <test started-at="2023-05-07T02:37:15 IST" name="Surefire test" finished-at="2023-05-07T02:37:15 IST" duration-ms="600">
      <class name="com.example.gamingcafe.AuthControllerTest">
        <test-method signature="CheckInValidGamerLogin() throws java.lang.Exception" started-at="2023-05-07T02:37:15 IST" name="CheckInValidGamerLogin" finished-at="2023-05-07T02:37:15 IST" duration-ms="565" status="PASS">
          <reporter-output>
          </reporter-output>
        </test-method> <!-- CheckInValidGamerLogin -->
        <test-method signature="CheckValidGamerLogin() throws java.lang.Exception" started-at="2023-05-07T02:37:15 IST" name="CheckValidGamerLogin" finished-at="2023-05-07T02:37:15 IST" duration-ms="554" status="PASS">
          <reporter-output>
          </reporter-output>
        </test-method> <!-- CheckValidGamerLogin -->
      </class> <!-- com.example.gamingcafe.AuthControllerTest -->
    </test> <!-- Surefire test -->
  </suite> <!-- Surefire suite -->
</testng-results>
