<?xml version="1.0" encoding="UTF-8"?>
<!-- Generated by org.testng.reporters.JUnitXMLReporter -->
<testsuite ignored="0" hostname="Santhils-MacBook-Air.local" failures="0" tests="2" name="Surefire test" time="0.6" errors="0" timestamp="2023-05-07T02:37:15 IST">
  <testcase classname="com.example.gamingcafe.AuthControllerTest" name="CheckValidGamerLogin on CheckValidGamerLogin(com.example.gamingcafe.AuthControllerTest)" time="0.554"/>
  <testcase classname="com.example.gamingcafe.AuthControllerTest" name="CheckInValidGamerLogin on CheckInValidGamerLogin(com.example.gamingcafe.AuthControllerTest)" time="0.565"/>
</testsuite> <!-- Surefire test -->
